Flow report for start_cloud_top_level
Sun Sep 23 23:20:20 2018
Quartus Prime Version 18.0.0 Build 614 04/24/2018 SJ Lite Edition


---------------------
; Table of Contents ;
---------------------
  1. Legal Notice
  2. Flow Summary
  3. Flow Settings
  4. Flow Non-Default Global Settings
  5. Flow Elapsed Time
  6. Flow OS Summary
  7. Flow Log
  8. Flow Messages
  9. Flow Suppressed Messages



----------------
; Legal Notice ;
----------------
Copyright (C) 2018  Intel Corporation. All rights reserved.
Your use of Intel Corporation's design tools, logic functions 
and other software and tools, and its AMPP partner logic 
functions, and any output files from any of the foregoing 
(including device programming or simulation files), and any 
associated documentation or information are expressly subject 
to the terms and conditions of the Intel Program License 
Subscription Agreement, the Intel Quartus Prime License Agreement,
the Intel FPGA IP License Agreement, or other applicable license
agreement, including, without limitation, that your use is for
the sole purpose of programming logic devices manufactured by
Intel and sold by Intel or its authorized distributors.  Please
refer to the applicable agreement for further details.



+-------------------------------------------------------------------------------+
; Flow Summary                                                                  ;
+---------------------------------+---------------------------------------------+
; Flow Status                     ; Successful - Sun Sep 23 23:20:20 2018       ;
; Quartus Prime Version           ; 18.0.0 Build 614 04/24/2018 SJ Lite Edition ;
; Revision Name                   ; start_cloud_top_level                       ;
; Top-level Entity Name           ; start_cloud_top_level                       ;
; Family                          ; Cyclone V                                   ;
; Device                          ; 5CSEMA5F31C6                                ;
; Timing Models                   ; Final                                       ;
; Logic utilization (in ALMs)     ; 655 / 32,070 ( 2 % )                        ;
; Total registers                 ; 953                                         ;
; Total pins                      ; 98 / 457 ( 21 % )                           ;
; Total virtual pins              ; 0                                           ;
; Total block memory bits         ; 0 / 4,065,280 ( 0 % )                       ;
; Total DSP Blocks                ; 0 / 87 ( 0 % )                              ;
; Total HSSI RX PCSs              ; 0                                           ;
; Total HSSI PMA RX Deserializers ; 0                                           ;
; Total HSSI TX PCSs              ; 0                                           ;
; Total HSSI PMA TX Serializers   ; 0                                           ;
; Total PLLs                      ; 0 / 6 ( 0 % )                               ;
; Total DLLs                      ; 1 / 4 ( 25 % )                              ;
+---------------------------------+---------------------------------------------+


+-------------------------------------------+
; Flow Settings                             ;
+-------------------+-----------------------+
; Option            ; Setting               ;
+-------------------+-----------------------+
; Start date & time ; 09/23/2018 23:15:45   ;
; Main task         ; Compilation           ;
; Revision Name     ; start_cloud_top_level ;
+-------------------+-----------------------+


+------------------------------------------------------------------------------------------------------------------------------------------------------------------------------------------------------------------+
; Flow Non-Default Global Settings                                                                                                                                                                                 ;
+---------------------------------------+--------------------------------------------------------------------------------------+---------------+------------------------------------------------------+------------+
; Assignment Name                       ; Value                                                                                ; Default Value ; Entity Name                                          ; Section Id ;
+---------------------------------------+--------------------------------------------------------------------------------------+---------------+------------------------------------------------------+------------+
; COMPILER_SIGNATURE_ID                 ; 172308996745943.153775894308429                                                      ; --            ; --                                                   ; --         ;
; ECO_REGENERATE_REPORT                 ; On                                                                                   ; Off           ; --                                                   ; --         ;
; HPS_ISW_FILE                          ; start_cloud_hps_system/synthesis/submodules/sequencer/tclrpt.pre.h                   ; --            ; start_cloud_hps_system_start_cloud_hps_hps_io_border ; --         ;
; HPS_ISW_FILE                          ; start_cloud_hps_system/synthesis/submodules/sequencer/tclrpt.pre.c                   ; --            ; start_cloud_hps_system_start_cloud_hps_hps_io_border ; --         ;
; HPS_ISW_FILE                          ; start_cloud_hps_system/synthesis/submodules/sequencer/sequencer.pre.c                ; --            ; start_cloud_hps_system_start_cloud_hps_hps_io_border ; --         ;
; HPS_ISW_FILE                          ; start_cloud_hps_system/synthesis/submodules/sequencer/sequencer.pre.h                ; --            ; start_cloud_hps_system_start_cloud_hps_hps_io_border ; --         ;
; HPS_ISW_FILE                          ; start_cloud_hps_system/synthesis/submodules/sequencer/sequencer_auto_ac_init.pre.c   ; --            ; start_cloud_hps_system_start_cloud_hps_hps_io_border ; --         ;
; HPS_ISW_FILE                          ; start_cloud_hps_system/synthesis/submodules/sequencer/sequencer_auto_inst_init.pre.c ; --            ; start_cloud_hps_system_start_cloud_hps_hps_io_border ; --         ;
; HPS_ISW_FILE                          ; start_cloud_hps_system/synthesis/submodules/sequencer/sdram_io.pre.h                 ; --            ; start_cloud_hps_system_start_cloud_hps_hps_io_border ; --         ;
; HPS_ISW_FILE                          ; start_cloud_hps_system/synthesis/submodules/sequencer/sequencer_auto.pre.h           ; --            ; start_cloud_hps_system_start_cloud_hps_hps_io_border ; --         ;
; HPS_ISW_FILE                          ; start_cloud_hps_system/synthesis/submodules/sequencer/sequencer_defines.pre.h        ; --            ; start_cloud_hps_system_start_cloud_hps_hps_io_border ; --         ;
; HPS_ISW_FILE                          ; start_cloud_hps_system/synthesis/submodules/sequencer/system.pre.h                   ; --            ; start_cloud_hps_system_start_cloud_hps_hps_io_border ; --         ;
; HPS_ISW_FILE                          ; start_cloud_hps_system/synthesis/submodules/sequencer/alt_types.pre.h                ; --            ; start_cloud_hps_system_start_cloud_hps_hps_io_border ; --         ;
; HPS_ISW_FILE                          ; start_cloud_hps_system/synthesis/submodules/sequencer/emif.pre.xml                   ; --            ; start_cloud_hps_system_start_cloud_hps_hps_io_border ; --         ;
; HPS_ISW_FILE                          ; start_cloud_hps_system/synthesis/submodules/hps.pre.xml                              ; --            ; start_cloud_hps_system_start_cloud_hps_hps_io_border ; --         ;
; HPS_PARTITION                         ; On                                                                                   ; --            ; start_cloud_hps_system_start_cloud_hps_hps_io_border ; --         ;
; MAX_CORE_JUNCTION_TEMP                ; 85                                                                                   ; --            ; --                                                   ; --         ;
; MIN_CORE_JUNCTION_TEMP                ; 0                                                                                    ; --            ; --                                                   ; --         ;
; MISC_FILE                             ; start_cloud_hps_system/synthesis/../start_cloud_hps_system.cmp                       ; --            ; --                                                   ; --         ;
; MISC_FILE                             ; start_cloud_hps_system/synthesis/start_cloud_hps_system_start_cloud_hps_hps.svd      ; --            ; --                                                   ; --         ;
; MISC_FILE                             ; start_cloud_hps_system/synthesis/../../start_cloud_hps_system.qsys                   ; --            ; --                                                   ; --         ;
; MISC_FILE                             ; start_cloud_hps_system/synthesis/submodules/sequencer/tclrpt.pre.h                   ; --            ; --                                                   ; --         ;
; MISC_FILE                             ; start_cloud_hps_system/synthesis/submodules/sequencer/tclrpt.pre.c                   ; --            ; --                                                   ; --         ;
; MISC_FILE                             ; start_cloud_hps_system/synthesis/submodules/sequencer/sequencer.pre.c                ; --            ; --                                                   ; --         ;
; MISC_FILE                             ; start_cloud_hps_system/synthesis/submodules/sequencer/sequencer.pre.h                ; --            ; --                                                   ; --         ;
; MISC_FILE                             ; start_cloud_hps_system/synthesis/submodules/sequencer/sequencer_auto_ac_init.pre.c   ; --            ; --                                                   ; --         ;
; MISC_FILE                             ; start_cloud_hps_system/synthesis/submodules/sequencer/sequencer_auto_inst_init.pre.c ; --            ; --                                                   ; --         ;
; MISC_FILE                             ; start_cloud_hps_system/synthesis/submodules/sequencer/sdram_io.pre.h                 ; --            ; --                                                   ; --         ;
; MISC_FILE                             ; start_cloud_hps_system/synthesis/submodules/sequencer/sequencer_auto.pre.h           ; --            ; --                                                   ; --         ;
; MISC_FILE                             ; start_cloud_hps_system/synthesis/submodules/sequencer/sequencer_defines.pre.h        ; --            ; --                                                   ; --         ;
; MISC_FILE                             ; start_cloud_hps_system/synthesis/submodules/sequencer/system.pre.h                   ; --            ; --                                                   ; --         ;
; MISC_FILE                             ; start_cloud_hps_system/synthesis/submodules/sequencer/alt_types.pre.h                ; --            ; --                                                   ; --         ;
; MISC_FILE                             ; start_cloud_hps_system/synthesis/submodules/sequencer/emif.pre.xml                   ; --            ; --                                                   ; --         ;
; MISC_FILE                             ; start_cloud_hps_system/synthesis/submodules/hps.pre.xml                              ; --            ; --                                                   ; --         ;
; PARTITION_COLOR                       ; -- (Not supported for targeted family)                                               ; --            ; --                                                   ; Top        ;
; PARTITION_FITTER_PRESERVATION_LEVEL   ; -- (Not supported for targeted family)                                               ; --            ; --                                                   ; Top        ;
; PARTITION_NETLIST_TYPE                ; -- (Not supported for targeted family)                                               ; --            ; --                                                   ; Top        ;
; POWER_BOARD_THERMAL_MODEL             ; None (CONSERVATIVE)                                                                  ; --            ; --                                                   ; --         ;
; POWER_PRESET_COOLING_SOLUTION         ; 23 MM HEAT SINK WITH 200 LFPM AIRFLOW                                                ; --            ; --                                                   ; --         ;
; PROJECT_OUTPUT_DIRECTORY              ; output_files                                                                         ; --            ; --                                                   ; --         ;
; SLD_FILE                              ; start_cloud_hps_system/synthesis/start_cloud_hps_system.regmap                       ; --            ; --                                                   ; --         ;
; SLD_FILE                              ; start_cloud_hps_system/synthesis/start_cloud_hps_system.debuginfo                    ; --            ; --                                                   ; --         ;
; SLD_INFO                              ; QSYS_NAME start_cloud_hps_system HAS_SOPCINFO 1 GENERATION_ID 1535050983             ; --            ; start_cloud_hps_system                               ; --         ;
; SOPCINFO_FILE                         ; start_cloud_hps_system/synthesis/../../start_cloud_hps_system.sopcinfo               ; --            ; --                                                   ; --         ;
; SYNTHESIS_ONLY_QIP                    ; On                                                                                   ; --            ; --                                                   ; --         ;
; USE_DLL_FREQUENCY_FOR_DQS_DELAY_CHAIN ; On                                                                                   ; Off           ; --                                                   ; --         ;
+---------------------------------------+--------------------------------------------------------------------------------------+---------------+------------------------------------------------------+------------+


+--------------------------------------------------------------------------------------------------------------------------+
; Flow Elapsed Time                                                                                                        ;
+----------------------+--------------+-------------------------+---------------------+------------------------------------+
; Module Name          ; Elapsed Time ; Average Processors Used ; Peak Virtual Memory ; Total CPU Time (on all processors) ;
+----------------------+--------------+-------------------------+---------------------+------------------------------------+
; Analysis & Synthesis ; 00:00:21     ; 1.0                     ; 1147 MB             ; 00:00:36                           ;
; Fitter               ; 00:01:01     ; 1.1                     ; 3164 MB             ; 00:01:37                           ;
; Assembler            ; 00:00:09     ; 1.0                     ; 1011 MB             ; 00:00:09                           ;
; Total                ; 00:01:31     ; --                      ; --                  ; 00:02:22                           ;
+----------------------+--------------+-------------------------+---------------------+------------------------------------+


+----------------------------------------------------------------------------------------+
; Flow OS Summary                                                                        ;
+----------------------+------------------+----------------+------------+----------------+
; Module Name          ; Machine Hostname ; OS Name        ; OS Version ; Processor type ;
+----------------------+------------------+----------------+------------+----------------+
; Analysis & Synthesis ; simon-XPS        ; Ubuntu 16.04.4 ; 16         ; x86_64         ;
; Fitter               ; simon-XPS        ; Ubuntu 16.04.4 ; 16         ; x86_64         ;
; Assembler            ; simon-XPS        ; Ubuntu 16.04.4 ; 16         ; x86_64         ;
+----------------------+------------------+----------------+------------+----------------+


------------
; Flow Log ;
------------
quartus_map --read_settings_files=on --write_settings_files=off start_cloud_top_level -c start_cloud_top_level
quartus_fit --read_settings_files=off --write_settings_files=off start_cloud_top_level -c start_cloud_top_level
quartus_asm --read_settings_files=off --write_settings_files=off start_cloud_top_level -c start_cloud_top_level



